C51 COMPILER V9.00   LED                                                                   03/19/2020 15:15:41 PAGE 1   


C51 COMPILER V9.00, COMPILATION OF MODULE LED
OBJECT MODULE PLACED IN led.OBJ
COMPILER INVOKED BY: C:\Keil\C51\BIN\C51.EXE led.c BROWSE DEBUG OBJECTEXTEND

line level    source

   1          #include <reg52.h>  // 用来引用51头文件
   2          
   3          //sbit: 位定义  egs: sbit 标识符 = 地址值；
   4          sbit LED1 = P0^2;  // 将LED1连接到芯片的P1.0 I/O口
   5          //sbit LED5 = P1^4;
   6          
   7          void main()
   8          {
   9   1              LED1 = 0;
  10   1      //      LED5 = 0;
  11   1      }


MODULE INFORMATION:   STATIC OVERLAYABLE
   CODE SIZE        =      3    ----
   CONSTANT SIZE    =   ----    ----
   XDATA SIZE       =   ----    ----
   PDATA SIZE       =   ----    ----
   DATA SIZE        =   ----    ----
   IDATA SIZE       =   ----    ----
   BIT SIZE         =   ----    ----
END OF MODULE INFORMATION.


C51 COMPILATION COMPLETE.  0 WARNING(S),  0 ERROR(S)
