C51 COMPILER V9.00   DISPLAY                                                               03/14/2020 21:41:04 PAGE 1   


C51 COMPILER V9.00, COMPILATION OF MODULE DISPLAY
OBJECT MODULE PLACED IN display.OBJ
COMPILER INVOKED BY: C:\Keil\C51\BIN\C51.EXE display.c BROWSE DEBUG OBJECTEXTEND

line level    source

   1          /*********************************************************************************
   2          * 【作    者】：        清翔电子:向量
   3          * 【版    本】：        V1.0
   4          * 【网    站】：        http://www.qxmcu.com/ 
   5          * 【淘宝店铺】：        http://qxmcu.taobao.com/
   6          * 【实验平台】：        清翔 QX-MCS51 单片机开发板
   7          * 【外部晶振】：        11.0592mhz      
   8          * 【主控芯片】：        STC89C52
   9          * 【编译环境】：        Keil μVisio4   
  10          * 【程序功能】：        共阴极数码管前三位动态显示                                                                          
  11          * 【使用说明】： 
  12          **********************************************************************************/
  13          #include <reg52.h>//包含51头文件
  14          #include <intrins.h>//包含移位标准库函数头文件
  15          
  16          #define uint unsigned int
  17          #define uchar unsigned char
  18          
  19          sbit DU = P2^6;//数码管段选
  20          sbit WE = P2^7;//数码管段选
  21          
  22          //共阴数码管段选表0-9
  23          uchar  code tabel[]= {0x3F, 0x06, 0x5B, 0x4F, 0x66, 0x6D, 0x7D, 0x07, 0x7F, 0x6F,};
  24          
  25          /*====================================
  26          函数    ： delay(uint z)
  27          参数    ：z 延时毫秒设定，取值范围0-65535
  28          返回值  ：无
  29          描述    ：12T/Fosc11.0592M毫秒级延时
  30          ====================================*/
  31          void delay(uint z)
  32          {
  33   1              uint x,y;
  34   1              for(x = z; x > 0; x--)
  35   1                      for(y = 114; y > 0 ; y--);              
  36   1      } 
  37          
  38          /*====================================
  39          函数    ：display(uchar i)
  40          参数    ：i 显示数值，取值范围0-255
  41          返回值  ：无
  42          描述    ：三位共阴数码管动态显示
  43          ====================================*/
  44          void display(uchar i)
  45          {
  46   1              uchar bai, shi, ge;
  47   1              bai = i / 100; //236 / 100  = 2
  48   1              shi = i % 100 / 10;     //236 % 100 / 10 = 3
  49   1              ge  = i % 10;//236 % 10 =6
  50   1              
  51   1              //第一位数码管                  
  52   1              P0 = 0XFF;//清除断码
  53   1              WE = 1;//打开位选锁存器
  54   1              P0 = 0XFE; //1111 1110
  55   1              WE = 0;//锁存位选数据
C51 COMPILER V9.00   DISPLAY                                                               03/14/2020 21:41:04 PAGE 2   

  56   1              
  57   1              DU = 1;//打开段选锁存器
  58   1              P0 = tabel[bai];//
  59   1              DU = 0;//锁存段选数据
  60   1              delay(5);
  61   1      
  62   1              //第二位数码管
  63   1              P0 = 0XFF;//清除断码
  64   1              WE = 1;//打开位选锁存器
  65   1              P0 = 0XFD; //1111 1101
  66   1              WE = 0;//锁存位选数据
  67   1              
  68   1              DU = 1;//打开段选锁存器
  69   1              P0 = tabel[shi];//
  70   1              DU = 0;//锁存段选数据
  71   1              delay(5);
  72   1      
  73   1              //第三位数码管
  74   1              P0 = 0XFF;//清除断码
  75   1              WE = 1;//打开位选锁存器
  76   1              P0 = 0XFB; //1111 1011
  77   1              WE = 0;//锁存位选数据
  78   1              
  79   1              DU = 1;//打开段选锁存器
  80   1              P0 = tabel[ge];//
  81   1              DU = 0;//锁存段选数据
  82   1              delay(5);
  83   1      }
  84          
  85          void main()//main函数自身会循环
  86          {       
  87   1              while(1)
  88   1              {
  89   2                      display(513); //数码管显示函数
  90   2              }       
  91   1      }  


MODULE INFORMATION:   STATIC OVERLAYABLE
   CODE SIZE        =    137    ----
   CONSTANT SIZE    =     10    ----
   XDATA SIZE       =   ----    ----
   PDATA SIZE       =   ----    ----
   DATA SIZE        =   ----    ----
   IDATA SIZE       =   ----    ----
   BIT SIZE         =   ----    ----
END OF MODULE INFORMATION.


C51 COMPILATION COMPLETE.  0 WARNING(S),  0 ERROR(S)
