C51 COMPILER V9.00   MAIN                                                                  03/14/2020 21:44:39 PAGE 1   


C51 COMPILER V9.00, COMPILATION OF MODULE MAIN
OBJECT MODULE PLACED IN main.OBJ
COMPILER INVOKED BY: C:\Keil\C51\BIN\C51.EXE main.c BROWSE DEBUG OBJECTEXTEND

line level    source

   1          /*********************************************************************************
   2          * 【作    者】：        清翔电子:向量
   3          * 【版    本】：        V1.0
   4          * 【网    站】：        http://www.qxmcu.com/ 
   5          * 【淘宝店铺】：        http://qxmcu.taobao.com/
   6          * 【实验平台】：        清翔 QX-MCS51 单片机开发板
   7          * 【外部晶振】：        11.0592mhz      
   8          * 【主控芯片】：        STC89C52
   9          * 【编译环境】：        Keil μVisio4   
  10          * 【程序功能】：        定时器0工作模式1，16位计数模式，//定时器1工作模式1，16位定时模式                                                                         
             -   
  11          * 【使用说明】：        用一根杜邦线把P34引脚对应排针与P10引脚对应的排针链接到一起
  12                                                  P10产生方波 数码管显示方波次数
  13          **********************************************************************************/
  14          #include <reg52.h>
  15          #include <intrins.h>
  16          
  17          #define uint unsigned int
  18          #define uchar unsigned char
  19          
  20          sbit DU = P2^6;//数码管段选
  21          sbit WE = P2^7;//数码管段选
  22          sbit LED1 = P1^0;//LED1
  23          //共阴数码管段选表0-9
  24          uchar  code tabel[]= {0x3F, 0x06, 0x5B, 0x4F, 0x66, 0x6D, 0x7D, 0x07, 0x7F, 0x6F,};
  25          
  26          /*====================================
  27          函数    ： delay(uint z)
  28          参数    ：z 延时毫秒设定，取值范围0-65535
  29          返回值  ：无
  30          描述    ：12T/Fosc11.0592M毫秒级延时
  31          ====================================*/
  32          void delay(uint z)
  33          {
  34   1              uint x,y;
  35   1              for(x = z; x > 0; x--)
  36   1                      for(y = 114; y > 0 ; y--);              
  37   1      } 
  38          
  39          /*====================================
  40          函数    ：display(uchar i)
  41          参数    ：i 显示数值，取值范围0-255
  42          返回值  ：无
  43          描述    ：三位共阴数码管动态显示
  44          ====================================*/
  45          void display(uchar i)
  46          {
  47   1              uchar bai, shi, ge;
  48   1              bai = i / 100; //236 / 100  = 2
  49   1              shi = i % 100 / 10;     //236 % 100 / 10 = 3
  50   1              ge  = i % 10;//236 % 10 =6
  51   1              
  52   1              //第一位数码管                  
  53   1              P0 = 0XFF;//清除断码
  54   1              WE = 1;//打开位选锁存器
C51 COMPILER V9.00   MAIN                                                                  03/14/2020 21:44:39 PAGE 2   

  55   1              P0 = 0XFE; //1111 1110
  56   1              WE = 0;//锁存位选数据
  57   1              
  58   1              DU = 1;//打开段选锁存器
  59   1              P0 = tabel[bai];//
  60   1              DU = 0;//锁存段选数据
  61   1              delay(5);
  62   1      
  63   1              //第二位数码管
  64   1              P0 = 0XFF;//清除断码
  65   1              WE = 1;//打开位选锁存器
  66   1              P0 = 0XFD; //1111 1101
  67   1              WE = 0;//锁存位选数据
  68   1              
  69   1              DU = 1;//打开段选锁存器
  70   1              P0 = tabel[shi];//
  71   1              DU = 0;//锁存段选数据
  72   1              delay(5);
  73   1      
  74   1              //第三位数码管
  75   1              P0 = 0XFF;//清除断码
  76   1              WE = 1;//打开位选锁存器
  77   1              P0 = 0XFB; //1111 1011
  78   1              WE = 0;//锁存位选数据
  79   1              
  80   1              DU = 1;//打开段选锁存器
  81   1              P0 = tabel[ge];//
  82   1              DU = 0;//锁存段选数据
  83   1              delay(5);
  84   1      }
  85          //定时器0初始化
  86          void timer0Init()
  87          {
  88   1              TR0 = 1;         //启动定时器0
  89   1              TMOD |= 0X05; //定时器0工作模式1，16位计数模式
  90   1              TH0 = 0;
  91   1              TL0 = 0; 
  92   1      }
  93          
  94          //定时器1初始化
  95          void timer1Init()
  96          {
  97   1              TR1 = 1;         //启动定时器1
  98   1              TMOD |= 0X10; //定时器1工作模式1，16位定时模式
  99   1              TH1 = 0x4b;
 100   1              TL1 = 0xfd; //定时50ms
 101   1      
 102   1      }
 103          
 104          void main()//main函数自身会循环
 105          {       
 106   1              uchar mSec, Sec;//毫秒和秒储存变量
 107   1              timer0Init();//定时器0初始化
 108   1              timer1Init();//定时器1初始化
 109   1              while(1)
 110   1              {
 111   2                      if(TF1 == 1)//判断是否溢出
 112   2                      {
 113   3                              TF1 = 0;//软件清零溢出标志位
 114   3                              TH1 = 0x4b;
 115   3                              TL1 = 0xfd; //定时50ms
 116   3                              mSec++;//50ms到
C51 COMPILER V9.00   MAIN                                                                  03/14/2020 21:44:39 PAGE 3   

 117   3                              if(mSec == 20) //定时50毫秒到
 118   3                              {
 119   4                                      mSec = 0;
 120   4                                      LED1 = ~LED1;//产生方波
 121   4                                      Sec++;
 122   4                                      if(Sec == 60)
 123   4                                              Sec = 0;
 124   4                              }                               
 125   3                      }
 126   2                      display(Sec); //数码管显示函数
 127   2              }       
 128   1      }  


MODULE INFORMATION:   STATIC OVERLAYABLE
   CODE SIZE        =    194    ----
   CONSTANT SIZE    =     10    ----
   XDATA SIZE       =   ----    ----
   PDATA SIZE       =   ----    ----
   DATA SIZE        =   ----       1
   IDATA SIZE       =   ----    ----
   BIT SIZE         =   ----    ----
END OF MODULE INFORMATION.


C51 COMPILATION COMPLETE.  0 WARNING(S),  0 ERROR(S)
