C51 COMPILER V9.00   MAIN01                                                                03/22/2020 10:48:07 PAGE 1   


C51 COMPILER V9.00, COMPILATION OF MODULE MAIN01
OBJECT MODULE PLACED IN main01.OBJ
COMPILER INVOKED BY: C:\Keil\C51\BIN\C51.EXE main01.c BROWSE DEBUG OBJECTEXTEND

line level    source

   1          #include <reg52.h>
   2          #include <intrins.h>
   3          #define uchar unsigned char 
   4          
   5          sbit led1 = P1^0;
   6          uchar c;
   7          
   8          void delay(void)   //误差 -0.000000000001us
   9          {
  10   1          unsigned char a,b;
  11   1          for(b=15;b>0;b--)
  12   1              for(a=152;a>0;a--);
  13   1      }
  14          
  15          void timer0_Init()
  16          {
  17   1              TMOD = 0X01;  // 选定相关模式
  18   1              TR0 = 1;  // 允许T0开始计数
  19   1              TH0 = 0;
  20   1              TL0 = 0;
  21   1      }
  22          
  23          void main()
  24          {
  25   1              timer0_Init();  // 
  26   1              while(1)
  27   1              {
  28   2                      if(TF0 == 1) // 检测定时器0是否溢出，每到65535次
  29   2                      {
  30   3                              TF0 = 0;
  31   3                              c++;
  32   3                              if(c == 7)
  33   3                              {
  34   4                                      c = 0;
  35   4                                      led1 = ~led1;
  36   4                              }
  37   3                      }
  38   2              }
  39   1      }


MODULE INFORMATION:   STATIC OVERLAYABLE
   CODE SIZE        =     42    ----
   CONSTANT SIZE    =   ----    ----
   XDATA SIZE       =   ----    ----
   PDATA SIZE       =   ----    ----
   DATA SIZE        =      1    ----
   IDATA SIZE       =   ----    ----
   BIT SIZE         =   ----    ----
END OF MODULE INFORMATION.


C51 COMPILATION COMPLETE.  0 WARNING(S),  0 ERROR(S)
