C51 COMPILER V9.00   TIME0                                                                 03/15/2020 10:33:39 PAGE 1   


C51 COMPILER V9.00, COMPILATION OF MODULE TIME0
OBJECT MODULE PLACED IN time0.OBJ
COMPILER INVOKED BY: C:\Keil\C51\BIN\C51.EXE time0.c BROWSE DEBUG OBJECTEXTEND

line level    source

   1          #include <reg52.h>
   2          #include <intrins.h>
   3          
   4          #define uchar unsigned char
   5          #define uint unsigned int
   6          
   7          sbit wela = P2^7; // 位选锁存器
   8          sbit dula = P2^6; // 段选锁存器
   9          
  10          // 共阴极数码管
  11          uchar table[]={0x3f,0x06,0x5b,0x4f,0x66,0x6d,0x7d,0x07,0x7f,0x6f};
  12          
  13          void delay(uint m)
  14          {
  15   1              uint i,j;
  16   1              for(i = m; i > 0; i--)
  17   1                      for(j = 114; j > 0 ; j--);              
  18   1      } 
  19          
  20          void display(uchar number)
  21          {
  22   1              uchar x, y, z;
  23   1              x = number/100; // 百位
  24   1              y = number%100 /10; // 十位
  25   1              z = number % 10; // 个位
  26   1      
  27   1              // 打开位选锁存器, 百位
  28   1              P0 = 0xff; // 清除断码
  29   1              wela = 1;
  30   1              P0 = 0xfe; // 1111 1110
  31   1              wela = 0;
  32   1      
  33   1              // 打开段选锁存器
  34   1              dula = 1;
  35   1              P0 = table[x];
  36   1              dula = 0; // 关闭段选锁存器
  37   1              delay(5);
  38   1      
  39   1              // 打开位选锁存器, 十位
  40   1              P0 = 0xff; // 清除数码管
  41   1              wela = 1;
  42   1              P0 = 0xfd; // 1111 1101
  43   1              wela = 0;
  44   1      
  45   1              // 打开段选锁存器
  46   1              dula = 1;
  47   1              P0 = table[y];
  48   1              dula = 0; // 关闭段选锁存器
  49   1              delay(5);
  50   1      
  51   1              // 打开位选锁存器, 个位
  52   1              P0 = 0xff; // 清除数码管
  53   1              wela = 1;
  54   1              P0 = 0xfb; // 1111 1011
  55   1              wela = 0;
C51 COMPILER V9.00   TIME0                                                                 03/15/2020 10:33:39 PAGE 2   

  56   1      
  57   1              // 打开段选锁存器
  58   1              dula = 1;
  59   1              P0 = table[z];
  60   1              dula = 0; // 关闭段选锁存器
  61   1              delay(5);
  62   1      }
  63          
  64          // 定时器0初始化
  65          void timer0Init()
  66          {
  67   1              TR0 = 1; // 定时器0的运行控制位，置1就允许T0开始计数
  68   1              TMOD = 0x01; // 定时器工作模式1，16位定时器计数模式
  69   1              TH0 = 0x4b; // 高8位
  70   1              TL0 = 0xfd; // 低8位，定时50ms  
  71   1      }
  72          
  73          void main()
  74          {
  75   1              uchar mSec, Sec; // 毫秒储存变量
  76   1              timer0Init(); // 定时器0初始化
  77   1              while(1)
  78   1              {
  79   2                      if(TF0); //     溢出中断标志
  80   2                      {
  81   3                              TF0 = 0; // 软件清零溢出标志位
  82   3                              TH0 = 0x4b; // 高8位
  83   3                              TL0 = 0xfd; // 低8位，定时50ms
  84   3                              mSec++; // 50ms到
  85   3                              if(mSec == 20)
  86   3                              {
  87   4                                      mSec = 0;
  88   4                                      Sec++; // 1s时间到
  89   4                                      if(Sec == 10)
  90   4                                              Sec = 0; // 秒清零
  91   4                              }
  92   3                      }
  93   2                      display(Sec);  // 数码管显示函数
  94   2                      
  95   2              }
  96   1      }


MODULE INFORMATION:   STATIC OVERLAYABLE
   CODE SIZE        =    177    ----
   CONSTANT SIZE    =   ----    ----
   XDATA SIZE       =   ----    ----
   PDATA SIZE       =   ----    ----
   DATA SIZE        =     10       1
   IDATA SIZE       =   ----    ----
   BIT SIZE         =   ----    ----
END OF MODULE INFORMATION.


C51 COMPILATION COMPLETE.  0 WARNING(S),  0 ERROR(S)
