C51 COMPILER V9.00   DIGITAL_TUBE                                                          03/08/2020 22:13:53 PAGE 1   


C51 COMPILER V9.00, COMPILATION OF MODULE DIGITAL_TUBE
OBJECT MODULE PLACED IN Digital_Tube.OBJ
COMPILER INVOKED BY: C:\Keil\C51\BIN\C51.EXE Digital_Tube.c BROWSE DEBUG OBJECTEXTEND

line level    source

   1          #include <reg52.h>
   2          #include <intrins.h>
   3          
   4          #define uint unsigned int
   5          #define uchar unsigned char
   6          
   7          sbit DU = P2^6; // 数码管段选
   8          sbit WE = P2^7; // 数码管位选
   9          
  10          //共阴极数码管段选表0-9, 存放在rom区
  11          uchar code table[] = {0x3f,0x06,0x5b,0x4f,0x66,0x6d,0x7d,0x07,0x7f,0x6f,0x77,0x7c,0x39,0x5e,0x79,0x71};
  12          /*void main()
  13          {
  14                  while(1)
  15                  {
  16                  WE = 1;    // 位选处于高电平，输出端可以修改值
  17                  P0 = 0xf5; // 第一个数码管为1  1111 0000
  18                  delay();
  19                  _crol_(P0, 1); // 循环左移， 1110 0001
  20                  WE = 0;   // 锁存位选锁存器
  21          
  22          
  23                  DU = 1;  // 打开段选锁存器
  24                  P0 = 0x06; // 0000 0110 
  25                  DU = 0;  // 关闭锁存器；        
  26                  }
  27                  
  28          
  29          //      while(1)
  30          //      {
  31          //              // P0 = 0x01;
  32          //      }
  33          }
  34          
  35          void delay(void)   //误差 -0.000000000227us
  36          {
  37              unsigned char a,b,c;
  38              for(c=13;c>0;c--)
  39                  for(b=247;b>0;b--)
  40                      for(a=142;a>0;a--);
  41              _nop_;  //if Keil,require use intrins.h
  42          }
  43          */
  44          
  45          
  46          // 数码管动态显示
  47          void delay(uint z)
  48          {
  49   1              uint x, y;
  50   1              for(x = z; x > 0; x--)
  51   1                      for(y = 114; y > 0; y--);
  52   1      }
  53          
  54          
  55          void display(uchar i)
C51 COMPILER V9.00   DIGITAL_TUBE                                                          03/08/2020 22:13:53 PAGE 2   

  56          {
  57   1              uchar bai, shi, ge;
  58   1              bai = i/100;
  59   1              shi = i%100 / 10;
  60   1              ge  = i%10;
  61   1      
  62   1              //第一位数码管                  
  63   1              P0 = 0XFF;//清除断码
  64   1              WE = 1;//打开位选锁存器
  65   1              P0 = 0XFE; //1111 1110
  66   1              WE = 0;//锁存位选数据
  67   1              
  68   1              DU = 1;//打开段选锁存器
  69   1              P0 = table[bai];//
  70   1              DU = 0;//锁存段选数据
  71   1              delay(5);
  72   1      
  73   1              //第二位数码管
  74   1              P0 = 0XFF;//清除断码
  75   1              WE = 1;//打开位选锁存器
  76   1              P0 = 0XFD; //1111 1101
  77   1              WE = 0;//锁存位选数据
  78   1              
  79   1              DU = 1;//打开段选锁存器
  80   1              P0 = table[shi];//
  81   1              DU = 0;//锁存段选数据
  82   1              delay(5);
  83   1      
  84   1              //第三位数码管
  85   1              P0 = 0XFF;//清除断码
  86   1              WE = 1;//打开位选锁存器
  87   1              P0 = 0XFB; //1111 1011
  88   1              WE = 0;//锁存位选数据
  89   1              
  90   1              DU = 1;//打开段选锁存器
  91   1              P0 = table[ge];//
  92   1              DU = 0;//锁存段选数据
  93   1              delay(5);
  94   1      
  95   1      /*
  96   1              P0 = 0Xff; // 清除断码
  97   1              // 第一个数码管显示1
  98   1              WE = 1; // 打开位选锁存器
  99   1              P0 = 0xfe; // 1111 1110
 100   1              WE = 0; // 锁存位选数据
 101   1      
 102   1              DU = 1;
 103   1              P0 = table[bai]; // 0000 0110
 104   1              DU = 0;    // 锁存段选数据
 105   1              delay(5);  // 延时5ms
 106   1      
 107   1              P0 = 0Xff; // 清除断码
 108   1              //第二个数码管显示2
 109   1              WE = 1; // 打开位选锁存器
 110   1              P0 = 0xfd; // 1111 1101
 111   1              WE = 0; // 锁存位选数据
 112   1      
 113   1              DU = 1;
 114   1              P0 = table[shi]; // 0101 1011
 115   1              DU = 0;    // 锁存段选数据
 116   1              delay(5);  // 延时5ms
 117   1      
C51 COMPILER V9.00   DIGITAL_TUBE                                                          03/08/2020 22:13:53 PAGE 3   

 118   1              P0 = 0Xff; // 清除断码
 119   1              // 第三个数码管显示3
 120   1              WE = 1; // 打开位选锁存器
 121   1              P0 = 0xfb; // 1111 1011
 122   1              WE = 0; // 锁存位选数据
 123   1      
 124   1              DU = 1;
 125   1              P0 = table[ge]; // 0100 1111
 126   1              DU = 0;    // 锁存段选数据
 127   1              delay(5);  // 延时5ms
 128   1      
 129   1              /*P0 = 0Xff; // 清除断码
 130   1              //第四个数码管显示4
 131   1              WE = 1; // 打开位选锁存器
 132   1              P0 = 0Xf7; // 0100 1111
 133   1              WE = 0; // 锁存位选数据
 134   1      
 135   1              DU = 1;
 136   1              P0 = 0X66; // 0110 0110
 137   1              DU = 0;    // 锁存段选数据
 138   1              delay(5);  // 延时5ms
 139   1      
 140   1              P0 = 0Xff; // 清除断码
 141   1              // 第五个数码管显示5
 142   1              WE = 1; // 打开位选锁存器
 143   1              P0 = 0Xef; // 1110 1111
 144   1              WE = 0; // 锁存位选数据
 145   1      
 146   1              DU = 1;
 147   1              P0 = 0X6d; // 0110 1101
 148   1              DU = 0;    // 锁存段选数据
 149   1              delay(5);  // 延时5ms
 150   1      
 151   1              P0 = 0Xff; // 清除断码
 152   1              //第六个数码管显示6
 153   1              WE = 1; // 打开位选锁存器
 154   1              P0 = 0Xdf; // 1101 1111
 155   1              WE = 0; // 锁存位选数据
 156   1      
 157   1              DU = 1;
 158   1              P0 = 0X7d; // 0111 1101
 159   1              DU = 0;    // 锁存段选数据
 160   1              delay(5);  // 延时5ms
 161   1      
 162   1              P0 = 0Xff; // 清除断码
 163   1              // 第七个数码管显示7
 164   1              WE = 1; // 打开位选锁存器
 165   1              P0 = 0Xbf; // 1011 1111
 166   1              WE = 0; // 锁存位选数据
 167   1      
 168   1              DU = 1;
 169   1              P0 = 0X07; // 0000 0111
 170   1              DU = 0;    // 锁存段选数据
 171   1              delay(5);  // 延时5ms
 172   1      
 173   1              P0 = 0Xff; // 清除断码
 174   1              //第八个数码管显示8
 175   1              WE = 1; // 打开位选锁存器
 176   1              P0 = 0X7f; // 0111 1111
 177   1              WE = 0; // 锁存位选数据
 178   1      
 179   1              DU = 1;
C51 COMPILER V9.00   DIGITAL_TUBE                                                          03/08/2020 22:13:53 PAGE 4   

 180   1              P0 = 0X7f; // 0111 1111
 181   1              DU = 0;    // 锁存段选数据
 182   1              delay(5);  // 延时5ms
 183   1              */
 184   1      }
 185          
 186          void main()
 187          {
 188   1              while(1)
 189   1              {       
 190   2                      display(452);
 191   2              }
 192   1      }


MODULE INFORMATION:   STATIC OVERLAYABLE
   CODE SIZE        =    137    ----
   CONSTANT SIZE    =     16    ----
   XDATA SIZE       =   ----    ----
   PDATA SIZE       =   ----    ----
   DATA SIZE        =   ----    ----
   IDATA SIZE       =   ----    ----
   BIT SIZE         =   ----    ----
END OF MODULE INFORMATION.


C51 COMPILATION COMPLETE.  0 WARNING(S),  0 ERROR(S)
