C51 COMPILER V9.00   INDEPENDENT_KEYBOARD                                                  03/10/2020 21:44:38 PAGE 1   


C51 COMPILER V9.00, COMPILATION OF MODULE INDEPENDENT_KEYBOARD
OBJECT MODULE PLACED IN Independent_keyboard.OBJ
COMPILER INVOKED BY: C:\Keil\C51\BIN\C51.EXE Independent_keyboard.c BROWSE DEBUG OBJECTEXTEND

line level    source

   1          #include <reg52.h>
   2          #include <intrins.h>
   3          
   4          #define uint unsigned int
   5          #define uchar unsigned char
   6          
   7          sbit DU = P2^6; // 数码管段选
   8          sbit WE = P2^7; // 数码管位选
   9          
  10          sbit key_s2 = P3^0;
  11          sbit key_s3 = P3^1;
  12          
  13          uchar number = 0;
  14          // 共阴极数码管编码表
  15          uchar code table[]={0x3f,0x06,0x5b,0x4f,0x66,0x6d,0x7d,0x07,0x7f,0x6f,0x77,0x7c,0x39,0x5e,0x79,0x71};
  16          
  17          // 延时15ms
  18          void delay(void)   //误差 -0.000000000003us
  19          {
  20   1          unsigned char a,b;
  21   1          for(b=51;b>0;b--)
  22   1              for(a=134;a>0;a--);
  23   1      }
  24          
  25          void main()
  26          {
  27   1              WE = 1; // 打开位选锁存器
  28   1              P0 = 0xfe; // 1111 1110
  29   1              WE = 0;
  30   1      
  31   1              while(1)
  32   1              {
  33   2                      if(key_s2 == 0) // 键盘2被按下
  34   2                      {
  35   3                              delay(); //按键消抖
  36   3                              number++;
  37   3                              if(number == 10)
  38   3                                      number = 0;
  39   3                              while(!key_s2); // 松手检测
  40   3                      }
  41   2                      DU = 1; // 打开段选锁存器
  42   2                      P0 = table[number]; // 0000 0110
  43   2                      DU = 0; // 锁存段选数据
  44   2                      
  45   2                      if(key_s3 == 0) // 键盘3被按下
  46   2                      {
  47   3                              delay(); //按键消抖
  48   3                              if(number > 0)
  49   3                                      number--;
  50   3                              while(!key_s3); // 松手检测
  51   3                      }
  52   2                      DU = 1; // 打开段选锁存器
  53   2                      P0 = table[number]; // 0000 0110
  54   2                      DU = 0; // 锁存段选数据
  55   2              }
C51 COMPILER V9.00   INDEPENDENT_KEYBOARD                                                  03/10/2020 21:44:38 PAGE 2   

  56   1      }


MODULE INFORMATION:   STATIC OVERLAYABLE
   CODE SIZE        =     79    ----
   CONSTANT SIZE    =     16    ----
   XDATA SIZE       =   ----    ----
   PDATA SIZE       =   ----    ----
   DATA SIZE        =      1    ----
   IDATA SIZE       =   ----    ----
   BIT SIZE         =   ----    ----
END OF MODULE INFORMATION.


C51 COMPILATION COMPLETE.  0 WARNING(S),  0 ERROR(S)
