C51 COMPILER V9.00   MATRIX_BOARD                                                          03/10/2020 23:21:46 PAGE 1   


C51 COMPILER V9.00, COMPILATION OF MODULE MATRIX_BOARD
OBJECT MODULE PLACED IN Matrix_Board.OBJ
COMPILER INVOKED BY: C:\Keil\C51\BIN\C51.EXE Matrix_Board.c BROWSE DEBUG OBJECTEXTEND

line level    source

   1          #include <reg52.h>
   2          #include <intrins.h>
   3          
   4          #define uint unsigned int
   5          #define uchar unsigned char
   6          
   7          sbit DU = P2^6; // 数码管段选
   8          sbit WE = P2^7; // 数码管位选
   9          
  10          uchar number = 20;
  11          uchar KeyValue;//按键值
  12          // 共阴极数码管编码表
  13          uchar code table[]={
  14          //0   1     2    3    4    5    6    7    8
  15          0x3f,0x06,0x5b,0x4f,0x66,0x6d,0x7d,0x07,0x7f,
  16          //9   A     B    C    D    E   F         H      L
  17          0x6f,0x77,0x7c,0x39,0x5e,0x79,0x71, 0x76, 0x38,
  18          //n     u     -    熄灭  
  19          0X37, 0X3e, 0X40, 0X00};
  20          
  21          // 延时15ms
  22          void delay(void)   //误差 -0.000000000003us
  23          {
  24   1          unsigned char a,b;
  25   1          for(b=51;b>0;b--)
  26   1              for(a=134;a>0;a--);
  27   1      }
  28          
  29          void KeyScan()
  30          {
  31   1              P3 = 0xf0;  // 列扫描
  32   1              if(P3 != 0xf0)   // 判断按键是否被按下
  33   1              {
  34   2                      delay(); // 按键消抖
  35   2                      if(P3!=0xf0)
  36   2                      {
  37   3                              switch(P3) // 判断哪一列被按下
  38   3                              {
  39   4                                      case 0xe0: KeyValue = 0; break; //第一列被按下
  40   4                                      case 0xd0: KeyValue = 1; break;
  41   4                                      case 0xb0: KeyValue = 2; break;
  42   4                                      case 0x70: KeyValue = 3; break;
  43   4                              }
  44   3                              P3 = 0x0f;  // 行扫描
  45   3                              switch(P3) // 判断哪一行被按下
  46   3                              {
  47   4                                      case 0x0e: KeyValue = KeyValue; break;  //第一行被按下
  48   4                                      case 0x0d: KeyValue = KeyValue + 4; break;
  49   4                                      case 0x0b: KeyValue = KeyValue + 8; break;
  50   4                                      case 0x07: KeyValue = KeyValue + 12; break;
  51   4                              }
  52   3                              while(P3!=0x0f); //松手检测
  53   3                      }
  54   2      
  55   2                      //独立键盘
C51 COMPILER V9.00   MATRIX_BOARD                                                          03/10/2020 23:21:46 PAGE 2   

  56   2                      P3 = 0xff;
  57   2                      if(P3!=0xff) //被按下
  58   2                      {
  59   3                              delay();
  60   3                              if(P3!=0xff)
  61   3                              {
  62   4                                      switch(P3) // 判断哪一行被按下
  63   4                              {
  64   5                                      case 0xfe: KeyValue = 16; break;  //s2被按下
  65   5                                      case 0xfd: KeyValue = 17; break; //s2被按下
  66   5                                      case 0xfb: KeyValue = 18; break;  //s2被按下
  67   5                                      case 0xf7: KeyValue = 19; break;  //s2被按下
  68   5                              }
  69   4                              while(P3!=0xff); //松手检测
  70   4                              }       
  71   3                      }
  72   2              }
  73   1      }
  74          
  75          void main()
  76          {
  77   1              WE = 1; // 打开位选锁存器
  78   1              P0 = 0xfe; // 1111 1110
  79   1              WE = 0;
  80   1              while(1)
  81   1              {
  82   2      
  83   2                      KeyScan();
  84   2                      DU = 1;
  85   2                      P0 = table[KeyValue];
  86   2                      DU = 0;
  87   2              }
  88   1      }


MODULE INFORMATION:   STATIC OVERLAYABLE
   CODE SIZE        =    194    ----
   CONSTANT SIZE    =     22    ----
   XDATA SIZE       =   ----    ----
   PDATA SIZE       =   ----    ----
   DATA SIZE        =      2    ----
   IDATA SIZE       =   ----    ----
   BIT SIZE         =   ----    ----
END OF MODULE INFORMATION.


C51 COMPILATION COMPLETE.  0 WARNING(S),  0 ERROR(S)
