C51 COMPILER V9.00   COMPLEX_MAIN                                                          03/11/2020 18:12:17 PAGE 1   


C51 COMPILER V9.00, COMPILATION OF MODULE COMPLEX_MAIN
OBJECT MODULE PLACED IN complex_main.OBJ
COMPILER INVOKED BY: C:\Keil\C51\BIN\C51.EXE complex_main.c BROWSE DEBUG OBJECTEXTEND

line level    source

   1          #include <reg52.h>
   2          #include <intrins.h>
   3          
   4          sbit DIO = P3^4;   // 串行数据口
   5          sbit S_CLK = P3^5; // 移位寄存器时钟
   6          sbit R_CLK = P3^6; // 输出锁存器时钟
   7          unsigned char code table[2][8] = {0x58,0xAD,0x95,0xA0,0x05,0xB5,0x10,0xFF, // 班
   8          0xFE,0x74,0xAE,0xDA,0xAA,0x06,0xDE,0xBE};
   9           // 0x83,0xAB,0xAB,0x00,0xAA,0xAA,0x82,0xFC//电
  10          void Send_Byte(unsigned char dat)
  11          {
  12   1              unsigned char i;
  13   1              S_CLK = 0;
  14   1              R_CLK = 0;
  15   1              for(i=0;i<8;i++)
  16   1              {
  17   2                      if(dat & 0x01)   // 判断第1位为1
  18   2                              DIO = 1;
  19   2                      else
  20   2                              DIO = 0;
  21   2                      S_CLK = 1;  // 产生上升沿，移位至寄存器中
  22   2                      dat >>= 1;  // 右移1位，发送数据
  23   2                      S_CLK = 0;  //  
  24   2              }
  25   1      }
  26          void main()
  27          {
  28   1              unsigned char j, k, ROW;
  29   1              unsigned int z;
  30   1              while(1)
  31   1              {
  32   2                      
  33   2                      for(k=0; k<2; k++)
  34   2                      {
  35   3                              for(z = 0; z<1000; z++)   // 延时显示
  36   3                              {
  37   4                                      ROW = 0x80;
  38   4                                      // 列选的值
  39   4                                      for(j = 0; j<8;j++)
  40   4                                      {
  41   5                                              Send_Byte(table[k][j]);
  42   5                                              Send_Byte(ROW);   //行数据
  43   5                                              R_CLK = 1;  // 将所有数据输出
  44   5                                              R_CLK = 0;  
  45   5                                              ROW = _cror_(ROW,1); // 循环右移
  46   5                                      }
  47   4                              }
  48   3                      }
  49   2              }
  50   1      }


MODULE INFORMATION:   STATIC OVERLAYABLE
   CODE SIZE        =    110    ----
   CONSTANT SIZE    =     16    ----
C51 COMPILER V9.00   COMPLEX_MAIN                                                          03/11/2020 18:12:17 PAGE 2   

   XDATA SIZE       =   ----    ----
   PDATA SIZE       =   ----    ----
   DATA SIZE        =   ----    ----
   IDATA SIZE       =   ----    ----
   BIT SIZE         =   ----    ----
END OF MODULE INFORMATION.


C51 COMPILATION COMPLETE.  0 WARNING(S),  0 ERROR(S)
