C51 COMPILER V9.00   FLASH_LED                                                             03/28/2020 18:33:54 PAGE 1   


C51 COMPILER V9.00, COMPILATION OF MODULE FLASH_LED
OBJECT MODULE PLACED IN Flash_LED.OBJ
COMPILER INVOKED BY: C:\Keil\C51\BIN\C51.EXE Flash_LED.c BROWSE DEBUG OBJECTEXTEND

line level    source

   1          #include <reg52.h>
   2          
   3          unsigned int i; // 0~65535
   4          
   5          void main()
   6          {
   7   1              while(1)
   8   1              {
   9   2                      P1 = 0x5e;       // 点亮P1口所有led灯
  10   2                      i = 65535;
  11   2                      while(i--);
  12   2                      P1 = 0xff;  // 1111 1111  (255)  熄灭P1口8个LED 
  13   2                      i = 65535;
  14   2                      while(i--);
  15   2              }
  16   1      }


MODULE INFORMATION:   STATIC OVERLAYABLE
   CODE SIZE        =     46    ----
   CONSTANT SIZE    =   ----    ----
   XDATA SIZE       =   ----    ----
   PDATA SIZE       =   ----    ----
   DATA SIZE        =      2    ----
   IDATA SIZE       =   ----    ----
   BIT SIZE         =   ----    ----
END OF MODULE INFORMATION.


C51 COMPILATION COMPLETE.  0 WARNING(S),  0 ERROR(S)
