C51 COMPILER V9.00   TIME_COUNT                                                            03/15/2020 11:20:02 PAGE 1   


C51 COMPILER V9.00, COMPILATION OF MODULE TIME_COUNT
OBJECT MODULE PLACED IN time-count.OBJ
COMPILER INVOKED BY: C:\Keil\C51\BIN\C51.EXE time-count.c BROWSE DEBUG OBJECTEXTEND

line level    source

   1          /*********************************************************************************
   2          * 【作    者】：        清翔电子:向量
   3          * 【版    本】：        V1.0
   4          * 【网    站】：        http://www.qxmcu.com/ 
   5          * 【淘宝店铺】：        http://qxmcu.taobao.com/
   6          * 【实验平台】：        清翔 QX-MCS51 单片机开发板
   7          * 【外部晶振】：        11.0592mhz      
   8          * 【主控芯片】：        STC89C52
   9          * 【编译环境】：        Keil μVisio4   
  10          * 【程序功能】：        定时器0工作模式1 16位定时模式，数码管动态显示0-10，秒表。                                                                           
  11          * 【使用说明】： 
  12          **********************************************************************************/
  13          #include <reg52.h>
  14          #include <intrins.h>
  15          
  16          #define uint unsigned int
  17          #define uchar unsigned char
  18          
  19          sbit DU = P2^6;//数码管段选
  20          sbit WE = P2^7;//数码管段选
  21          sbit LED1 = P1^0; // 标选led1
  22          
  23          //共阴数码管段选表0-9
  24          uchar  code tabel[]= {0x3F, 0x06, 0x5B, 0x4F, 0x66, 0x6D, 0x7D, 0x07, 0x7F, 0x6F,};
  25          
  26          /*====================================
  27          函数    ： delay(uint z)
  28          参数    ：z 延时毫秒设定，取值范围0-65535
  29          返回值  ：无
  30          描述    ：12T/Fosc11.0592M毫秒级延时
  31          ====================================*/
  32          void delay(uint z)
  33          {
  34   1              uint x,y;
  35   1              for(x = z; x > 0; x--)
  36   1                      for(y = 114; y > 0 ; y--);              
  37   1      } 
  38          
  39          /*====================================
  40          函数    ：display(uchar i)
  41          参数    ：i 显示数值，取值范围0-255
  42          返回值  ：无
  43          描述    ：三位共阴数码管动态显示
  44          ====================================*/
  45          void display(uchar i)
  46          {
  47   1              uchar bai, shi, ge;
  48   1              bai = i / 100; //236 / 100  = 2
  49   1              shi = i % 100 / 10;     //236 % 100 / 10 = 3
  50   1              ge  = i % 10;//236 % 10 =6
  51   1              
  52   1              //第一位数码管                  
  53   1              P0 = 0XFF;//清除断码
  54   1              WE = 1;//打开位选锁存器
  55   1              P0 = 0XFE; //1111 1110
C51 COMPILER V9.00   TIME_COUNT                                                            03/15/2020 11:20:02 PAGE 2   

  56   1              WE = 0;//锁存位选数据
  57   1              
  58   1              DU = 1;//打开段选锁存器
  59   1              P0 = tabel[bai];//
  60   1              DU = 0;//锁存段选数据
  61   1              delay(5);
  62   1      
  63   1              //第二位数码管
  64   1              P0 = 0XFF;//清除断码
  65   1              WE = 1;//打开位选锁存器
  66   1              P0 = 0XFD; //1111 1101
  67   1              WE = 0;//锁存位选数据
  68   1              
  69   1              DU = 1;//打开段选锁存器
  70   1              P0 = tabel[shi];//
  71   1              DU = 0;//锁存段选数据
  72   1              delay(5);
  73   1      
  74   1              //第三位数码管
  75   1              P0 = 0XFF;//清除断码
  76   1              WE = 1;//打开位选锁存器
  77   1              P0 = 0XFB; //1111 1011
  78   1              WE = 0;//锁存位选数据
  79   1              
  80   1              DU = 1;//打开段选锁存器
  81   1              P0 = tabel[ge];//
  82   1              DU = 0;//锁存段选数据
  83   1              delay(5);
  84   1      }
  85          //定时器0初始化
  86          void timer0Init()
  87          {
  88   1              TR0 = 1;         //启动定时器0
  89   1              TMOD |= 0X05; //计数器工作模式1，16位计数器计数模式， 或等于
  90   1      //      TH0 = 0x4b;
  91   1      //      TL0 = 0xfd; //定时50ms
  92   1              TH0 = 0x00;
  93   1              TL0 = 0x00; //计数
  94   1      }
  95          
  96          //定时器1初始化
  97          void timer1Init()
  98          {
  99   1              TR1 = 1;         //启动定时器0
 100   1              TMOD |= 0X10; //定时器1工作模式，16位定时器计数模式
 101   1              TH1 = 0x4b;
 102   1              TL1 = 0xfd; //计数
 103   1      }
 104          
 105          void main()//main函数自身会循环
 106          {       
 107   1              uchar mSec, Sec;//毫秒和秒储存变量
 108   1              timer0Init();//计数器0初始化
 109   1              timer1Init();//定时器1初始化
 110   1              while(1)
 111   1              {
 112   2      //              if(TF1 == 1)//判断定时器1是否溢出
 113   2      //              {
 114   2      //                      TF1 = 0;//软件清零溢出标志位
 115   2      //                      TH1 = 0x4b;
 116   2      //                      TL1 = 0xfd; //定时50ms
 117   2      //                      mSec++;//50ms到
C51 COMPILER V9.00   TIME_COUNT                                                            03/15/2020 11:20:02 PAGE 3   

 118   2      //                      if(mSec == 10) //定时500毫秒到
 119   2      //                      {
 120   2      //                              mSec = 0;
 121   2      //                              LED1 = ~LED1; // 产生方波脉冲
 122   2      //                      }                                       
 123   2      //              }
 124   2                      display(TL0); //数码管显示计数
 125   2      //              if(Sec > 10)
 126   2      //                      Sec = 0;//秒清零 
 127   2              }       
 128   1      }  
*** WARNING C280 IN LINE 107 OF TIME-COUNT.C: 'mSec': unreferenced local variable
*** WARNING C280 IN LINE 107 OF TIME-COUNT.C: 'Sec': unreferenced local variable


MODULE INFORMATION:   STATIC OVERLAYABLE
   CODE SIZE        =    166    ----
   CONSTANT SIZE    =     10    ----
   XDATA SIZE       =   ----    ----
   PDATA SIZE       =   ----    ----
   DATA SIZE        =   ----       2
   IDATA SIZE       =   ----    ----
   BIT SIZE         =   ----    ----
END OF MODULE INFORMATION.


C51 COMPILATION COMPLETE.  2 WARNING(S),  0 ERROR(S)
