C51 COMPILER V9.00   RUNNING_LIGHT                                                         03/08/2020 11:34:56 PAGE 1   


C51 COMPILER V9.00, COMPILATION OF MODULE RUNNING_LIGHT
OBJECT MODULE PLACED IN Running_Light.OBJ
COMPILER INVOKED BY: C:\Keil\C51\BIN\C51.EXE Running_Light.c BROWSE DEBUG OBJECTEXTEND

line level    source

   1          #include <reg52.h>
   2          #include <intrins.h>
   3          
   4          void delay(unsigned int);
   5          
   6          void main()
   7          {
   8   1              P1 = 0xFE;        // 第一个灯被点亮，初始化
   9   1              while(1)
  10   1              {
  11   2                      delay(100);
  12   2                      P1 = _crol_(P1, 1);
  13   2              }
  14   1      }
  15          
  16          void delay(unsigned int z)
  17          {
  18   1              unsigned int x, y;
  19   1              for(x = z; x > 0; x--)
  20   1                      for(y = 114; y > 0; y--);
  21   1      }


MODULE INFORMATION:   STATIC OVERLAYABLE
   CODE SIZE        =     55    ----
   CONSTANT SIZE    =   ----    ----
   XDATA SIZE       =   ----    ----
   PDATA SIZE       =   ----    ----
   DATA SIZE        =   ----    ----
   IDATA SIZE       =   ----    ----
   BIT SIZE         =   ----    ----
END OF MODULE INFORMATION.


C51 COMPILATION COMPLETE.  0 WARNING(S),  0 ERROR(S)
