C51 COMPILER V9.00   TIME_INTERRUPT                                                        03/22/2020 15:00:16 PAGE 1   


C51 COMPILER V9.00, COMPILATION OF MODULE TIME_INTERRUPT
OBJECT MODULE PLACED IN time-interrupt.OBJ
COMPILER INVOKED BY: C:\Keil\C51\BIN\C51.EXE time-interrupt.c BROWSE DEBUG OBJECTEXTEND

line level    source

   1          #include <reg52.h>
   2          #include <intrins.h>
   3          
   4          #define uint unsigned int
   5          #define uchar unsigned char
   6          
   7          sbit DU = P2^6;//数码管段选
   8          sbit WE = P2^7;//数码管段选
   9          sbit key_s2 = P3^0;//独立按键S2
  10          sbit key_s3 = P3^1;//独立按键S3
  11          uchar mSec, Sec;//毫秒和秒储存变量
  12          uchar num; // 数码管显示的值
  13          
  14          //共阴数码管段选表0-9
  15          uchar  code SMGduan[]= {0x3F, 0x06, 0x5B, 0x4F, 0x66, 0x6D, 0x7D, 0x07, 0x7F, 0x6F,};
  16          // 数码管位选码
  17          uchar code SMGwei[] = {0xfe, 0xfd, 0xfb};
  18          /*====================================
  19          函数    ： delay(uint z)
  20          参数    ：z 延时毫秒设定，取值范围0-65535
  21          返回值  ：无
  22          描述    ：12T/Fosc11.0592M毫秒级延时
  23          ====================================*/
  24          void delay(uint z)
  25          {
  26   1              uint x,y;
  27   1              for(x = z; x > 0; x--)
  28   1                      for(y = 114; y > 0 ; y--);              
  29   1      } 
  30          
  31          /*====================================
  32          函数    ：display(uchar i)
  33          参数    ：i 显示数值，取值范围0-255
  34          返回值  ：无
  35          描述    ：三位共阴数码管动态显示
  36          ====================================*/
  37          void display(uchar i)
  38          {
  39   1              static uchar wei; // 局部静态变量
  40   1              //第一位数码管                  
  41   1              P0 = 0XFF;//清除断码
  42   1              WE = 1;//打开位选锁存器
  43   1              P0 = SMGwei[wei]; // 1111 1110
  44   1              WE = 0;//锁存位选数据
  45   1              switch(wei)
  46   1              {
  47   2                      case 0: DU = 1; P0 = SMGduan[i/100]; DU = 0; break;
  48   2                      case 1: DU = 1; P0 = SMGduan[i%100/10]; DU = 0; break;
  49   2                      case 2: DU = 1; P0 = SMGduan[i%10]; DU = 0; break;
  50   2              }
  51   1              wei++;
  52   1              if(wei == 3)
  53   1                      wei = 0;
  54   1      }
  55          //定时器0初始化
C51 COMPILER V9.00   TIME_INTERRUPT                                                        03/22/2020 15:00:16 PAGE 2   

  56          void timer0Init()
  57          {
  58   1              EA = 1; // 打开总中断
  59   1              ET0 = 1; // 打开定时器0中断
  60   1              TR0 = 1;         //启动定时器0
  61   1              TMOD = 0X01; //定时器工作模式1，16位定时器计数模式
  62   1              TH0 = 0xed;
  63   1              TL0 = 0xff; //定时5ms
  64   1      }
  65          
  66          void main()//main函数自身会循环
  67          {       
  68   1              timer0Init();//定时器0初始化
  69   1              while(1)
  70   1              {
  71   2                      if(key_s2 == 0)//判断S2是否被按下
  72   2                      {
  73   3                              delay(20);//按键消抖
  74   3                              if(key_s2 == 0)
  75   3                              {
  76   4                                      if(num != 9)//如果值不等于9则+1，功能把值限定为小于9
  77   4                                      num++;
  78   4                                      while(!key_s2);//松手检测
  79   4                              }       
  80   3                      }
  81   2                      if(key_s3 == 0)//判断S3是否被按下
  82   2                      {
  83   3                              delay(20);//按键消抖
  84   3                              if(key_s3 == 0)
  85   3                              {
  86   4                                      if(num > 0)     //如果大于0则执行减一
  87   4                                              num--;
  88   4                                      while(!key_s3);//松手检测
  89   4                              }       
  90   3                      }
  91   2      //              //松手之后刷新显示
  92   2      //              DU = 1;//打开段选锁存器
  93   2      //              P0 = SMGduan[num];//
  94   2      //              DU = 0;//锁存段选数据
  95   2              }       
  96   1      }  
  97          
  98          // 中断方式是硬件方式清0，计数方式是软件清零
  99          void timer0() interrupt 1  // 定时器0的中断入口1
 100          {
 101   1              TH0 = 0Xed;
 102   1              TL0 = 0Xff;     
 103   1              display(num); //数码管显示函数
 104   1      }


MODULE INFORMATION:   STATIC OVERLAYABLE
   CODE SIZE        =    217    ----
   CONSTANT SIZE    =     13    ----
   XDATA SIZE       =   ----    ----
   PDATA SIZE       =   ----    ----
   DATA SIZE        =      4    ----
   IDATA SIZE       =   ----    ----
   BIT SIZE         =   ----    ----
END OF MODULE INFORMATION.


C51 COMPILATION COMPLETE.  0 WARNING(S),  0 ERROR(S)
