C51 COMPILER V9.00   BUZZER                                                                03/08/2020 15:20:49 PAGE 1   


C51 COMPILER V9.00, COMPILATION OF MODULE BUZZER
OBJECT MODULE PLACED IN buzzer.OBJ
COMPILER INVOKED BY: C:\Keil\C51\BIN\C51.EXE buzzer.c BROWSE DEBUG OBJECTEXTEND

line level    source

   1          #include <reg52.h>
   2          #include <intrins.h>
   3          
   4          void delay(unsigned int);
   5          sbit beep = P2^3;
   6          
   7          void main()
   8          {
   9   1              P1 = 0xF0;        // 第一个灯被点亮，初始化
  10   1              while(1)
  11   1              {
  12   2                      delay(100);
  13   2                      beep = 1;
  14   2                      P1 = _crol_(P1, 1);
  15   2              }
  16   1      }
  17          
  18          void delay(unsigned int z)
  19          {
  20   1              unsigned int x, y;
  21   1              for(x = z; x > 0; x--)
  22   1                      for(y = 114; y > 0; y--);
  23   1      }


MODULE INFORMATION:   STATIC OVERLAYABLE
   CODE SIZE        =     57    ----
   CONSTANT SIZE    =   ----    ----
   XDATA SIZE       =   ----    ----
   PDATA SIZE       =   ----    ----
   DATA SIZE        =   ----    ----
   IDATA SIZE       =   ----    ----
   BIT SIZE         =   ----    ----
END OF MODULE INFORMATION.


C51 COMPILATION COMPLETE.  0 WARNING(S),  0 ERROR(S)
