C51 COMPILER V9.00   RGY                                                                   03/31/2020 23:34:05 PAGE 1   


C51 COMPILER V9.00, COMPILATION OF MODULE RGY
OBJECT MODULE PLACED IN RGY.OBJ
COMPILER INVOKED BY: C:\Keil\C51\BIN\C51.EXE RGY.c BROWSE DEBUG OBJECTEXTEND

line level    source

   1          #include<reg52.h>
   2          #define uchar unsigned char
   3          #define uint unsigned int
   4          
   5          // 定义管脚
   6          sbit YELLOW_A = P0^0;   // 东西向
   7          sbit RED_A = P0^1;
   8          sbit GREEN_A = P0^2;
   9          sbit YELLOW_B = P0^3;   // 南北向
  10          sbit RED_B = P0^4;
  11          sbit GREEN_B = P0^5;
  12          
  13          uchar Flash_Count = 0, Operation_Type=1; // 闪烁次数，操作类型变量
  14          
  15          // 延时
  16          void DelayMs(uint x)
  17          {
  18   1              uchar i;
  19   1              while(x--)
  20   1                      for(i=0; i<114; i++);
  21   1      }
  22          void Traffic_Light()
  23          {
  24   1              switch(Operation_Type)
  25   1              {
  26   2                      case 1:
  27   2                              RED_A = 1;YELLOW_A = 1;GREEN_A=0;
  28   2                              RED_B = 0;YELLOW_B = 1;GREEN_B=1;
  29   2                              DelayMs(2000);
  30   2                              Operation_Type=2;
  31   2                              break;
  32   2                      case 2:
  33   2                              DelayMs(300);
  34   2                              YELLOW_A=~YELLOW_A,GREEN_A=1;
  35   2                              if(++Flash_Count!=10)
  36   2                                      return;
  37   2                              Flash_Count=0;
  38   2                              Operation_Type=3;
  39   2                              break;
  40   2                      case 3:
  41   2                              RED_A=0;YELLOW_A=1;GREEN_A=1;
  42   2                              RED_B=1;YELLOW_B=1,GREEN_B=0;
  43   2                              DelayMs(2000);
  44   2                              Operation_Type=4;
  45   2                              break;
  46   2                      case 4:
  47   2                              DelayMs(300);
  48   2                              YELLOW_B=~YELLOW_B;GREEN_B=1;
  49   2                              if(++Flash_Count!=10)
  50   2                                      return;
  51   2                              Flash_Count=0;
  52   2                              Operation_Type=1;
  53   2              }                                                                
  54   1      }
  55          
C51 COMPILER V9.00   RGY                                                                   03/31/2020 23:34:05 PAGE 2   

  56          void main()
  57          {
  58   1              while(1)
  59   1                      Traffic_Light();
  60   1      }


MODULE INFORMATION:   STATIC OVERLAYABLE
   CODE SIZE        =    140    ----
   CONSTANT SIZE    =   ----    ----
   XDATA SIZE       =   ----    ----
   PDATA SIZE       =   ----    ----
   DATA SIZE        =      2    ----
   IDATA SIZE       =   ----    ----
   BIT SIZE         =   ----    ----
END OF MODULE INFORMATION.


C51 COMPILATION COMPLETE.  0 WARNING(S),  0 ERROR(S)
